{"C:\\Users\\ORION\\Desktop\\mybrand\\backend\\server.js": {"path":"C:\\Users\\ORION\\Desktop\\mybrand\\backend\\server.js","statementMap":{"0":{"start":{"line":6,"column":13},"end":{"line":6,"column":37}},"1":{"start":{"line":13,"column":0},"end":{"line":13,"column":15}},"2":{"start":{"line":14,"column":0},"end":{"line":14,"column":11}},"3":{"start":{"line":15,"column":12},"end":{"line":15,"column":21}},"4":{"start":{"line":18,"column":0},"end":{"line":18,"column":23}},"5":{"start":{"line":19,"column":0},"end":{"line":19,"column":45}},"6":{"start":{"line":20,"column":0},"end":{"line":20,"column":34}},"7":{"start":{"line":21,"column":0},"end":{"line":21,"column":34}},"8":{"start":{"line":22,"column":0},"end":{"line":22,"column":40}},"9":{"start":{"line":24,"column":0},"end":{"line":24,"column":21}},"10":{"start":{"line":26,"column":0},"end":{"line":26,"column":70}},"11":{"start":{"line":26,"column":23},"end":{"line":26,"column":68}}},"fnMap":{"0":{"name":"(anonymous_0)","decl":{"start":{"line":26,"column":17},"end":{"line":26,"column":18}},"loc":{"start":{"line":26,"column":23},"end":{"line":26,"column":68}},"line":26}},"branchMap":{"0":{"loc":{"start":{"line":6,"column":13},"end":{"line":6,"column":37}},"type":"binary-expr","locations":[{"start":{"line":6,"column":13},"end":{"line":6,"column":29}},{"start":{"line":6,"column":33},"end":{"line":6,"column":37}}],"line":6}},"s":{"0":1,"1":1,"2":1,"3":1,"4":1,"5":1,"6":1,"7":1,"8":1,"9":1,"10":1,"11":1},"f":{"0":1},"b":{"0":[1,0]},"_coverageSchema":"1a1c01bbd47fc00a2c39e90264f33305004495a9","hash":"12c0418336bb5598212a914f1d9700a4a4603a53"}
,"C:\\Users\\ORION\\Desktop\\mybrand\\backend\\Routes\\blogRoutes.js": {"path":"C:\\Users\\ORION\\Desktop\\mybrand\\backend\\Routes\\blogRoutes.js","statementMap":{"0":{"start":{"line":4,"column":15},"end":{"line":4,"column":31}},"1":{"start":{"line":20,"column":0},"end":{"line":20,"column":66}},"2":{"start":{"line":21,"column":0},"end":{"line":21,"column":97}},"3":{"start":{"line":22,"column":0},"end":{"line":22,"column":71}},"4":{"start":{"line":23,"column":0},"end":{"line":23,"column":90}},"5":{"start":{"line":24,"column":0},"end":{"line":24,"column":81}}},"fnMap":{},"branchMap":{},"s":{"0":1,"1":1,"2":1,"3":1,"4":1,"5":1},"f":{},"b":{},"_coverageSchema":"1a1c01bbd47fc00a2c39e90264f33305004495a9","hash":"e571c7e6ee300b7bb0e43af688c6560c9e4177c3"}
,"C:\\Users\\ORION\\Desktop\\mybrand\\backend\\Routes\\messageRoutes.js": {"path":"C:\\Users\\ORION\\Desktop\\mybrand\\backend\\Routes\\messageRoutes.js","statementMap":{"0":{"start":{"line":2,"column":15},"end":{"line":2,"column":31}},"1":{"start":{"line":13,"column":0},"end":{"line":13,"column":102}},"2":{"start":{"line":14,"column":0},"end":{"line":14,"column":120}}},"fnMap":{},"branchMap":{},"s":{"0":1,"1":1,"2":1},"f":{},"b":{},"_coverageSchema":"1a1c01bbd47fc00a2c39e90264f33305004495a9","hash":"5c005ad466a9fc3e6b6213cf8e5f7421a7369aa1"}
,"C:\\Users\\ORION\\Desktop\\mybrand\\backend\\Routes\\userRoutes.js": {"path":"C:\\Users\\ORION\\Desktop\\mybrand\\backend\\Routes\\userRoutes.js","statementMap":{"0":{"start":{"line":2,"column":15},"end":{"line":2,"column":31}},"1":{"start":{"line":7,"column":16},"end":{"line":7,"column":38}},"2":{"start":{"line":8,"column":15},"end":{"line":8,"column":34}},"3":{"start":{"line":10,"column":0},"end":{"line":10,"column":94}},"4":{"start":{"line":11,"column":0},"end":{"line":11,"column":111}},"5":{"start":{"line":12,"column":0},"end":{"line":12,"column":50}}},"fnMap":{},"branchMap":{},"s":{"0":1,"1":1,"2":1,"3":1,"4":1,"5":1},"f":{},"b":{},"_coverageSchema":"1a1c01bbd47fc00a2c39e90264f33305004495a9","hash":"402c915210a39a73f2dfab8067d42d7700c4563f"}
,"C:\\Users\\ORION\\Desktop\\mybrand\\backend\\config\\db.js": {"path":"C:\\Users\\ORION\\Desktop\\mybrand\\backend\\config\\db.js","statementMap":{"0":{"start":{"line":3,"column":18},"end":{"line":11,"column":1}},"1":{"start":{"line":4,"column":0},"end":{"line":10,"column":1}},"2":{"start":{"line":5,"column":17},"end":{"line":5,"column":62}},"3":{"start":{"line":6,"column":4},"end":{"line":6,"column":77}},"4":{"start":{"line":8,"column":0},"end":{"line":8,"column":19}},"5":{"start":{"line":9,"column":0},"end":{"line":9,"column":15}}},"fnMap":{"0":{"name":"(anonymous_0)","decl":{"start":{"line":3,"column":18},"end":{"line":3,"column":19}},"loc":{"start":{"line":3,"column":30},"end":{"line":11,"column":1}},"line":3}},"branchMap":{},"s":{"0":1,"1":1,"2":1,"3":1,"4":0,"5":0},"f":{"0":1},"b":{},"_coverageSchema":"1a1c01bbd47fc00a2c39e90264f33305004495a9","hash":"64f3088a3b3ed5f2f2eb17dc0b49ff3a7362eaaf"}
,"C:\\Users\\ORION\\Desktop\\mybrand\\backend\\controllers\\blogController.js": {"path":"C:\\Users\\ORION\\Desktop\\mybrand\\backend\\controllers\\blogController.js","statementMap":{"0":{"start":{"line":29,"column":17},"end":{"line":61,"column":1}},"1":{"start":{"line":30,"column":15},"end":{"line":30,"column":18}},"2":{"start":{"line":31,"column":2},"end":{"line":35,"column":5}},"3":{"start":{"line":32,"column":4},"end":{"line":34,"column":67}},"4":{"start":{"line":37,"column":19},"end":{"line":42,"column":6}},"5":{"start":{"line":44,"column":4},"end":{"line":44,"column":24}},"6":{"start":{"line":45,"column":2},"end":{"line":60,"column":3}},"7":{"start":{"line":47,"column":25},"end":{"line":47,"column":44}},"8":{"start":{"line":48,"column":25},"end":{"line":48,"column":87}},"9":{"start":{"line":49,"column":23},"end":{"line":49,"column":44}},"10":{"start":{"line":50,"column":24},"end":{"line":52,"column":6}},"11":{"start":{"line":53,"column":4},"end":{"line":57,"column":5}},"12":{"start":{"line":54,"column":7},"end":{"line":54,"column":93}},"13":{"start":{"line":56,"column":6},"end":{"line":56,"column":33}},"14":{"start":{"line":59,"column":4},"end":{"line":59,"column":26}},"15":{"start":{"line":64,"column":17},"end":{"line":71,"column":3}},"16":{"start":{"line":66,"column":7},"end":{"line":66,"column":29}},"17":{"start":{"line":69,"column":4},"end":{"line":69,"column":82}},"18":{"start":{"line":73,"column":15},"end":{"line":73,"column":41}},"19":{"start":{"line":75,"column":16},"end":{"line":89,"column":2}},"20":{"start":{"line":76,"column":2},"end":{"line":88,"column":2}},"21":{"start":{"line":77,"column":15},"end":{"line":77,"column":57}},"22":{"start":{"line":79,"column":2},"end":{"line":84,"column":6}},"23":{"start":{"line":86,"column":2},"end":{"line":86,"column":17}},"24":{"start":{"line":87,"column":2},"end":{"line":87,"column":44}},"25":{"start":{"line":92,"column":17},"end":{"line":95,"column":2}},"26":{"start":{"line":93,"column":16},"end":{"line":93,"column":33}},"27":{"start":{"line":94,"column":2},"end":{"line":94,"column":30}},"28":{"start":{"line":98,"column":16},"end":{"line":132,"column":2}},"29":{"start":{"line":100,"column":4},"end":{"line":104,"column":5}},"30":{"start":{"line":101,"column":10},"end":{"line":101,"column":25}},"31":{"start":{"line":103,"column":10},"end":{"line":103,"column":65}},"32":{"start":{"line":106,"column":4},"end":{"line":131,"column":4}},"33":{"start":{"line":109,"column":6},"end":{"line":130,"column":7}},"34":{"start":{"line":113,"column":23},"end":{"line":118,"column":12}},"35":{"start":{"line":121,"column":10},"end":{"line":124,"column":12}},"36":{"start":{"line":122,"column":14},"end":{"line":122,"column":43}},"37":{"start":{"line":122,"column":22},"end":{"line":122,"column":43}},"38":{"start":{"line":123,"column":14},"end":{"line":123,"column":48}},"39":{"start":{"line":129,"column":10},"end":{"line":129,"column":71}},"40":{"start":{"line":136,"column":19},"end":{"line":145,"column":2}},"41":{"start":{"line":141,"column":22},"end":{"line":143,"column":4}},"42":{"start":{"line":144,"column":2},"end":{"line":144,"column":77}},"43":{"start":{"line":149,"column":19},"end":{"line":164,"column":2}},"44":{"start":{"line":151,"column":2},"end":{"line":153,"column":3}},"45":{"start":{"line":152,"column":4},"end":{"line":152,"column":79}},"46":{"start":{"line":154,"column":15},"end":{"line":154,"column":49}},"47":{"start":{"line":156,"column":2},"end":{"line":159,"column":3}},"48":{"start":{"line":157,"column":4},"end":{"line":157,"column":19}},"49":{"start":{"line":158,"column":4},"end":{"line":158,"column":48}},"50":{"start":{"line":160,"column":2},"end":{"line":160,"column":24}},"51":{"start":{"line":161,"column":2},"end":{"line":163,"column":5}},"52":{"start":{"line":167,"column":20},"end":{"line":182,"column":2}},"53":{"start":{"line":168,"column":2},"end":{"line":170,"column":3}},"54":{"start":{"line":169,"column":4},"end":{"line":169,"column":79}},"55":{"start":{"line":171,"column":15},"end":{"line":171,"column":32}},"56":{"start":{"line":172,"column":2},"end":{"line":174,"column":3}},"57":{"start":{"line":173,"column":4},"end":{"line":173,"column":56}},"58":{"start":{"line":175,"column":4},"end":{"line":177,"column":7}},"59":{"start":{"line":176,"column":7},"end":{"line":176,"column":23}},"60":{"start":{"line":179,"column":2},"end":{"line":181,"column":5}},"61":{"start":{"line":185,"column":19},"end":{"line":203,"column":2}},"62":{"start":{"line":187,"column":2},"end":{"line":190,"column":1}},"63":{"start":{"line":188,"column":4},"end":{"line":188,"column":19}},"64":{"start":{"line":189,"column":4},"end":{"line":189,"column":62}},"65":{"start":{"line":192,"column":19},"end":{"line":196,"column":4}},"66":{"start":{"line":199,"column":10},"end":{"line":202,"column":12}},"67":{"start":{"line":200,"column":14},"end":{"line":200,"column":52}},"68":{"start":{"line":200,"column":22},"end":{"line":200,"column":52}},"69":{"start":{"line":201,"column":14},"end":{"line":201,"column":48}},"70":{"start":{"line":206,"column":20},"end":{"line":209,"column":2}},"71":{"start":{"line":207,"column":19},"end":{"line":207,"column":39}},"72":{"start":{"line":208,"column":2},"end":{"line":208,"column":33}},"73":{"start":{"line":213,"column":16},"end":{"line":234,"column":2}},"74":{"start":{"line":214,"column":17},"end":{"line":214,"column":30}},"75":{"start":{"line":215,"column":17},"end":{"line":215,"column":27}},"76":{"start":{"line":217,"column":17},"end":{"line":217,"column":44}},"77":{"start":{"line":218,"column":2},"end":{"line":233,"column":3}},"78":{"start":{"line":219,"column":4},"end":{"line":221,"column":5}},"79":{"start":{"line":220,"column":6},"end":{"line":220,"column":63}},"80":{"start":{"line":224,"column":4},"end":{"line":226,"column":5}},"81":{"start":{"line":225,"column":6},"end":{"line":225,"column":81}},"82":{"start":{"line":227,"column":4},"end":{"line":227,"column":28}},"83":{"start":{"line":228,"column":4},"end":{"line":228,"column":22}},"84":{"start":{"line":230,"column":4},"end":{"line":230,"column":44}},"85":{"start":{"line":232,"column":4},"end":{"line":232,"column":32}},"86":{"start":{"line":237,"column":17},"end":{"line":241,"column":2}},"87":{"start":{"line":238,"column":16},"end":{"line":238,"column":33}},"88":{"start":{"line":239,"column":2},"end":{"line":239,"column":23}},"89":{"start":{"line":240,"column":2},"end":{"line":240,"column":30}}},"fnMap":{"0":{"name":"(anonymous_0)","decl":{"start":{"line":29,"column":17},"end":{"line":29,"column":18}},"loc":{"start":{"line":29,"column":37},"end":{"line":61,"column":1}},"line":29},"1":{"name":"(anonymous_1)","decl":{"start":{"line":65,"column":16},"end":{"line":65,"column":17}},"loc":{"start":{"line":65,"column":41},"end":{"line":67,"column":6}},"line":65},"2":{"name":"(anonymous_2)","decl":{"start":{"line":68,"column":13},"end":{"line":68,"column":14}},"loc":{"start":{"line":68,"column":38},"end":{"line":70,"column":4}},"line":68},"3":{"name":"(anonymous_3)","decl":{"start":{"line":75,"column":29},"end":{"line":75,"column":30}},"loc":{"start":{"line":75,"column":49},"end":{"line":89,"column":1}},"line":75},"4":{"name":"(anonymous_4)","decl":{"start":{"line":92,"column":30},"end":{"line":92,"column":31}},"loc":{"start":{"line":92,"column":50},"end":{"line":95,"column":1}},"line":92},"5":{"name":"(anonymous_5)","decl":{"start":{"line":98,"column":29},"end":{"line":98,"column":30}},"loc":{"start":{"line":98,"column":49},"end":{"line":132,"column":1}},"line":98},"6":{"name":"(anonymous_6)","decl":{"start":{"line":106,"column":44},"end":{"line":106,"column":45}},"loc":{"start":{"line":106,"column":65},"end":{"line":131,"column":3}},"line":106},"7":{"name":"(anonymous_7)","decl":{"start":{"line":121,"column":20},"end":{"line":121,"column":21}},"loc":{"start":{"line":121,"column":33},"end":{"line":124,"column":11}},"line":121},"8":{"name":"(anonymous_8)","decl":{"start":{"line":136,"column":32},"end":{"line":136,"column":33}},"loc":{"start":{"line":136,"column":52},"end":{"line":145,"column":1}},"line":136},"9":{"name":"(anonymous_9)","decl":{"start":{"line":149,"column":32},"end":{"line":149,"column":33}},"loc":{"start":{"line":149,"column":52},"end":{"line":164,"column":1}},"line":149},"10":{"name":"(anonymous_10)","decl":{"start":{"line":167,"column":33},"end":{"line":167,"column":34}},"loc":{"start":{"line":167,"column":53},"end":{"line":182,"column":1}},"line":167},"11":{"name":"(anonymous_11)","decl":{"start":{"line":175,"column":17},"end":{"line":175,"column":18}},"loc":{"start":{"line":175,"column":28},"end":{"line":177,"column":5}},"line":175},"12":{"name":"(anonymous_12)","decl":{"start":{"line":185,"column":32},"end":{"line":185,"column":33}},"loc":{"start":{"line":185,"column":52},"end":{"line":203,"column":1}},"line":185},"13":{"name":"(anonymous_13)","decl":{"start":{"line":199,"column":23},"end":{"line":199,"column":24}},"loc":{"start":{"line":199,"column":36},"end":{"line":202,"column":11}},"line":199},"14":{"name":"(anonymous_14)","decl":{"start":{"line":206,"column":33},"end":{"line":206,"column":34}},"loc":{"start":{"line":206,"column":53},"end":{"line":209,"column":1}},"line":206},"15":{"name":"(anonymous_15)","decl":{"start":{"line":213,"column":29},"end":{"line":213,"column":30}},"loc":{"start":{"line":213,"column":49},"end":{"line":234,"column":1}},"line":213},"16":{"name":"(anonymous_16)","decl":{"start":{"line":237,"column":30},"end":{"line":237,"column":31}},"loc":{"start":{"line":237,"column":50},"end":{"line":241,"column":1}},"line":237}},"branchMap":{"0":{"loc":{"start":{"line":31,"column":2},"end":{"line":35,"column":5}},"type":"if","locations":[{"start":{"line":31,"column":2},"end":{"line":35,"column":5}},{"start":{},"end":{}}],"line":31},"1":{"loc":{"start":{"line":53,"column":4},"end":{"line":57,"column":5}},"type":"if","locations":[{"start":{"line":53,"column":4},"end":{"line":57,"column":5}},{"start":{"line":55,"column":9},"end":{"line":57,"column":5}}],"line":53},"2":{"loc":{"start":{"line":100,"column":4},"end":{"line":104,"column":5}},"type":"if","locations":[{"start":{"line":100,"column":4},"end":{"line":104,"column":5}},{"start":{},"end":{}}],"line":100},"3":{"loc":{"start":{"line":100,"column":7},"end":{"line":100,"column":43}},"type":"binary-expr","locations":[{"start":{"line":100,"column":7},"end":{"line":100,"column":22}},{"start":{"line":100,"column":26},"end":{"line":100,"column":43}}],"line":100},"4":{"loc":{"start":{"line":109,"column":6},"end":{"line":130,"column":7}},"type":"if","locations":[{"start":{"line":109,"column":6},"end":{"line":130,"column":7}},{"start":{"line":128,"column":11},"end":{"line":130,"column":7}}],"line":109},"5":{"loc":{"start":{"line":122,"column":14},"end":{"line":122,"column":43}},"type":"if","locations":[{"start":{"line":122,"column":14},"end":{"line":122,"column":43}},{"start":{},"end":{}}],"line":122},"6":{"loc":{"start":{"line":151,"column":2},"end":{"line":153,"column":3}},"type":"if","locations":[{"start":{"line":151,"column":2},"end":{"line":153,"column":3}},{"start":{},"end":{}}],"line":151},"7":{"loc":{"start":{"line":156,"column":2},"end":{"line":159,"column":3}},"type":"if","locations":[{"start":{"line":156,"column":2},"end":{"line":159,"column":3}},{"start":{},"end":{}}],"line":156},"8":{"loc":{"start":{"line":168,"column":2},"end":{"line":170,"column":3}},"type":"if","locations":[{"start":{"line":168,"column":2},"end":{"line":170,"column":3}},{"start":{},"end":{}}],"line":168},"9":{"loc":{"start":{"line":172,"column":2},"end":{"line":174,"column":3}},"type":"if","locations":[{"start":{"line":172,"column":2},"end":{"line":174,"column":3}},{"start":{},"end":{}}],"line":172},"10":{"loc":{"start":{"line":187,"column":2},"end":{"line":190,"column":1}},"type":"if","locations":[{"start":{"line":187,"column":2},"end":{"line":190,"column":1}},{"start":{},"end":{}}],"line":187},"11":{"loc":{"start":{"line":200,"column":14},"end":{"line":200,"column":52}},"type":"if","locations":[{"start":{"line":200,"column":14},"end":{"line":200,"column":52}},{"start":{},"end":{}}],"line":200},"12":{"loc":{"start":{"line":219,"column":4},"end":{"line":221,"column":5}},"type":"if","locations":[{"start":{"line":219,"column":4},"end":{"line":221,"column":5}},{"start":{},"end":{}}],"line":219},"13":{"loc":{"start":{"line":224,"column":4},"end":{"line":226,"column":5}},"type":"if","locations":[{"start":{"line":224,"column":4},"end":{"line":226,"column":5}},{"start":{},"end":{}}],"line":224}},"s":{"0":1,"1":0,"2":0,"3":0,"4":0,"5":0,"6":0,"7":0,"8":0,"9":0,"10":0,"11":0,"12":0,"13":0,"14":0,"15":1,"16":0,"17":0,"18":1,"19":1,"20":1,"21":1,"22":0,"23":1,"24":1,"25":1,"26":1,"27":1,"28":1,"29":1,"30":0,"31":0,"32":1,"33":1,"34":0,"35":0,"36":0,"37":0,"38":0,"39":1,"40":1,"41":0,"42":0,"43":1,"44":0,"45":0,"46":0,"47":0,"48":0,"49":0,"50":0,"51":0,"52":1,"53":0,"54":0,"55":0,"56":0,"57":0,"58":0,"59":0,"60":0,"61":1,"62":0,"63":0,"64":0,"65":0,"66":0,"67":0,"68":0,"69":0,"70":1,"71":0,"72":0,"73":1,"74":0,"75":0,"76":0,"77":0,"78":0,"79":0,"80":0,"81":0,"82":0,"83":0,"84":0,"85":0,"86":1,"87":0,"88":0,"89":0},"f":{"0":0,"1":0,"2":0,"3":1,"4":1,"5":1,"6":1,"7":0,"8":0,"9":0,"10":0,"11":0,"12":0,"13":0,"14":0,"15":0,"16":0},"b":{"0":[0,0],"1":[0,0],"2":[0,1],"3":[1,1],"4":[0,1],"5":[0,0],"6":[0,0],"7":[0,0],"8":[0,0],"9":[0,0],"10":[0,0],"11":[0,0],"12":[0,0],"13":[0,0]},"_coverageSchema":"1a1c01bbd47fc00a2c39e90264f33305004495a9","hash":"9e2a8ad25fa7d5175ec553ebfd7ca01b699fedb8"}
,"C:\\Users\\ORION\\Desktop\\mybrand\\backend\\controllers\\messageController.js": {"path":"C:\\Users\\ORION\\Desktop\\mybrand\\backend\\controllers\\messageController.js","statementMap":{"0":{"start":{"line":6,"column":19},"end":{"line":17,"column":2}},"1":{"start":{"line":7,"column":2},"end":{"line":9,"column":3}},"2":{"start":{"line":8,"column":4},"end":{"line":8,"column":96}},"3":{"start":{"line":10,"column":2},"end":{"line":16,"column":2}},"4":{"start":{"line":11,"column":18},"end":{"line":11,"column":63}},"5":{"start":{"line":12,"column":2},"end":{"line":12,"column":19}},"6":{"start":{"line":14,"column":2},"end":{"line":14,"column":17}},"7":{"start":{"line":15,"column":2},"end":{"line":15,"column":47}},"8":{"start":{"line":20,"column":20},"end":{"line":26,"column":2}},"9":{"start":{"line":21,"column":2},"end":{"line":23,"column":3}},"10":{"start":{"line":22,"column":4},"end":{"line":22,"column":79}},"11":{"start":{"line":24,"column":19},"end":{"line":24,"column":39}},"12":{"start":{"line":25,"column":2},"end":{"line":25,"column":33}},"13":{"start":{"line":29,"column":19},"end":{"line":43,"column":2}},"14":{"start":{"line":31,"column":23},"end":{"line":31,"column":48}},"15":{"start":{"line":32,"column":5},"end":{"line":35,"column":6}},"16":{"start":{"line":33,"column":8},"end":{"line":33,"column":23}},"17":{"start":{"line":34,"column":8},"end":{"line":34,"column":49}},"18":{"start":{"line":37,"column":21},"end":{"line":41,"column":8}},"19":{"start":{"line":42,"column":5},"end":{"line":42,"column":35}},"20":{"start":{"line":45,"column":22},"end":{"line":59,"column":2}},"21":{"start":{"line":46,"column":2},"end":{"line":48,"column":3}},"22":{"start":{"line":47,"column":4},"end":{"line":47,"column":97}},"23":{"start":{"line":49,"column":18},"end":{"line":49,"column":55}},"24":{"start":{"line":51,"column":2},"end":{"line":53,"column":1}},"25":{"start":{"line":52,"column":4},"end":{"line":52,"column":48}},"26":{"start":{"line":55,"column":25},"end":{"line":57,"column":4}},"27":{"start":{"line":58,"column":2},"end":{"line":58,"column":39}},"28":{"start":{"line":61,"column":22},"end":{"line":75,"column":2}},"29":{"start":{"line":62,"column":2},"end":{"line":64,"column":3}},"30":{"start":{"line":63,"column":4},"end":{"line":63,"column":97}},"31":{"start":{"line":65,"column":18},"end":{"line":65,"column":55}},"32":{"start":{"line":67,"column":2},"end":{"line":70,"column":3}},"33":{"start":{"line":68,"column":4},"end":{"line":68,"column":19}},"34":{"start":{"line":69,"column":4},"end":{"line":69,"column":41}},"35":{"start":{"line":71,"column":2},"end":{"line":71,"column":24}},"36":{"start":{"line":72,"column":2},"end":{"line":74,"column":5}},"37":{"start":{"line":78,"column":23},"end":{"line":93,"column":4}},"38":{"start":{"line":79,"column":2},"end":{"line":81,"column":3}},"39":{"start":{"line":80,"column":4},"end":{"line":80,"column":79}},"40":{"start":{"line":82,"column":21},"end":{"line":82,"column":41}},"41":{"start":{"line":83,"column":4},"end":{"line":86,"column":5}},"42":{"start":{"line":84,"column":6},"end":{"line":84,"column":21}},"43":{"start":{"line":85,"column":6},"end":{"line":85,"column":43}},"44":{"start":{"line":87,"column":6},"end":{"line":89,"column":9}},"45":{"start":{"line":88,"column":9},"end":{"line":88,"column":25}},"46":{"start":{"line":90,"column":4},"end":{"line":92,"column":7}}},"fnMap":{"0":{"name":"(anonymous_0)","decl":{"start":{"line":6,"column":32},"end":{"line":6,"column":33}},"loc":{"start":{"line":6,"column":52},"end":{"line":17,"column":1}},"line":6},"1":{"name":"(anonymous_1)","decl":{"start":{"line":20,"column":33},"end":{"line":20,"column":34}},"loc":{"start":{"line":20,"column":53},"end":{"line":26,"column":1}},"line":20},"2":{"name":"(anonymous_2)","decl":{"start":{"line":29,"column":32},"end":{"line":29,"column":33}},"loc":{"start":{"line":29,"column":52},"end":{"line":43,"column":1}},"line":29},"3":{"name":"(anonymous_3)","decl":{"start":{"line":45,"column":35},"end":{"line":45,"column":36}},"loc":{"start":{"line":45,"column":55},"end":{"line":59,"column":1}},"line":45},"4":{"name":"(anonymous_4)","decl":{"start":{"line":61,"column":35},"end":{"line":61,"column":36}},"loc":{"start":{"line":61,"column":55},"end":{"line":75,"column":1}},"line":61},"5":{"name":"(anonymous_5)","decl":{"start":{"line":78,"column":36},"end":{"line":78,"column":37}},"loc":{"start":{"line":78,"column":56},"end":{"line":93,"column":3}},"line":78},"6":{"name":"(anonymous_6)","decl":{"start":{"line":87,"column":23},"end":{"line":87,"column":24}},"loc":{"start":{"line":87,"column":34},"end":{"line":89,"column":7}},"line":87}},"branchMap":{"0":{"loc":{"start":{"line":7,"column":2},"end":{"line":9,"column":3}},"type":"if","locations":[{"start":{"line":7,"column":2},"end":{"line":9,"column":3}},{"start":{},"end":{}}],"line":7},"1":{"loc":{"start":{"line":7,"column":5},"end":{"line":7,"column":61}},"type":"binary-expr","locations":[{"start":{"line":7,"column":5},"end":{"line":7,"column":29}},{"start":{"line":7,"column":33},"end":{"line":7,"column":61}}],"line":7},"2":{"loc":{"start":{"line":21,"column":2},"end":{"line":23,"column":3}},"type":"if","locations":[{"start":{"line":21,"column":2},"end":{"line":23,"column":3}},{"start":{},"end":{}}],"line":21},"3":{"loc":{"start":{"line":32,"column":5},"end":{"line":35,"column":6}},"type":"if","locations":[{"start":{"line":32,"column":5},"end":{"line":35,"column":6}},{"start":{},"end":{}}],"line":32},"4":{"loc":{"start":{"line":46,"column":2},"end":{"line":48,"column":3}},"type":"if","locations":[{"start":{"line":46,"column":2},"end":{"line":48,"column":3}},{"start":{},"end":{}}],"line":46},"5":{"loc":{"start":{"line":46,"column":5},"end":{"line":46,"column":61}},"type":"binary-expr","locations":[{"start":{"line":46,"column":5},"end":{"line":46,"column":29}},{"start":{"line":46,"column":33},"end":{"line":46,"column":61}}],"line":46},"6":{"loc":{"start":{"line":51,"column":2},"end":{"line":53,"column":1}},"type":"if","locations":[{"start":{"line":51,"column":2},"end":{"line":53,"column":1}},{"start":{},"end":{}}],"line":51},"7":{"loc":{"start":{"line":62,"column":2},"end":{"line":64,"column":3}},"type":"if","locations":[{"start":{"line":62,"column":2},"end":{"line":64,"column":3}},{"start":{},"end":{}}],"line":62},"8":{"loc":{"start":{"line":62,"column":5},"end":{"line":62,"column":61}},"type":"binary-expr","locations":[{"start":{"line":62,"column":5},"end":{"line":62,"column":29}},{"start":{"line":62,"column":33},"end":{"line":62,"column":61}}],"line":62},"9":{"loc":{"start":{"line":67,"column":2},"end":{"line":70,"column":3}},"type":"if","locations":[{"start":{"line":67,"column":2},"end":{"line":70,"column":3}},{"start":{},"end":{}}],"line":67},"10":{"loc":{"start":{"line":79,"column":2},"end":{"line":81,"column":3}},"type":"if","locations":[{"start":{"line":79,"column":2},"end":{"line":81,"column":3}},{"start":{},"end":{}}],"line":79},"11":{"loc":{"start":{"line":83,"column":4},"end":{"line":86,"column":5}},"type":"if","locations":[{"start":{"line":83,"column":4},"end":{"line":86,"column":5}},{"start":{},"end":{}}],"line":83}},"s":{"0":1,"1":0,"2":0,"3":0,"4":0,"5":0,"6":0,"7":0,"8":1,"9":0,"10":0,"11":0,"12":0,"13":1,"14":0,"15":0,"16":0,"17":0,"18":0,"19":0,"20":1,"21":0,"22":0,"23":0,"24":0,"25":0,"26":0,"27":0,"28":1,"29":0,"30":0,"31":0,"32":0,"33":0,"34":0,"35":0,"36":0,"37":1,"38":0,"39":0,"40":0,"41":0,"42":0,"43":0,"44":0,"45":0,"46":0},"f":{"0":0,"1":0,"2":0,"3":0,"4":0,"5":0,"6":0},"b":{"0":[0,0],"1":[0,0],"2":[0,0],"3":[0,0],"4":[0,0],"5":[0,0],"6":[0,0],"7":[0,0],"8":[0,0],"9":[0,0],"10":[0,0],"11":[0,0]},"_coverageSchema":"1a1c01bbd47fc00a2c39e90264f33305004495a9","hash":"eaf96e09dc1affc9b16b8420ae81c48299afd5ca"}
,"C:\\Users\\ORION\\Desktop\\mybrand\\backend\\controllers\\userController.js": {"path":"C:\\Users\\ORION\\Desktop\\mybrand\\backend\\controllers\\userController.js","statementMap":{"0":{"start":{"line":10,"column":16},"end":{"line":17,"column":2}},"1":{"start":{"line":11,"column":2},"end":{"line":16,"column":2}},"2":{"start":{"line":12,"column":15},"end":{"line":12,"column":57}},"3":{"start":{"line":13,"column":2},"end":{"line":13,"column":16}},"4":{"start":{"line":15,"column":2},"end":{"line":15,"column":56}},"5":{"start":{"line":20,"column":17},"end":{"line":27,"column":2}},"6":{"start":{"line":22,"column":2},"end":{"line":24,"column":3}},"7":{"start":{"line":23,"column":4},"end":{"line":23,"column":79}},"8":{"start":{"line":25,"column":16},"end":{"line":25,"column":33}},"9":{"start":{"line":26,"column":2},"end":{"line":26,"column":30}},"10":{"start":{"line":30,"column":16},"end":{"line":63,"column":2}},"11":{"start":{"line":32,"column":23},"end":{"line":32,"column":45}},"12":{"start":{"line":33,"column":5},"end":{"line":36,"column":6}},"13":{"start":{"line":34,"column":8},"end":{"line":34,"column":23}},"14":{"start":{"line":35,"column":8},"end":{"line":35,"column":49}},"15":{"start":{"line":37,"column":5},"end":{"line":40,"column":8}},"16":{"start":{"line":38,"column":6},"end":{"line":38,"column":60}},"17":{"start":{"line":38,"column":17},"end":{"line":38,"column":60}},"18":{"start":{"line":39,"column":6},"end":{"line":39,"column":86}},"19":{"start":{"line":39,"column":24},"end":{"line":39,"column":86}},"20":{"start":{"line":41,"column":5},"end":{"line":44,"column":8}},"21":{"start":{"line":42,"column":6},"end":{"line":42,"column":60}},"22":{"start":{"line":42,"column":17},"end":{"line":42,"column":60}},"23":{"start":{"line":43,"column":6},"end":{"line":43,"column":89}},"24":{"start":{"line":43,"column":24},"end":{"line":43,"column":89}},"25":{"start":{"line":45,"column":18},"end":{"line":51,"column":8}},"26":{"start":{"line":53,"column":0},"end":{"line":62,"column":3}},"27":{"start":{"line":54,"column":2},"end":{"line":61,"column":3}},"28":{"start":{"line":56,"column":4},"end":{"line":56,"column":53}},"29":{"start":{"line":60,"column":4},"end":{"line":60,"column":73}},"30":{"start":{"line":66,"column":19},"end":{"line":90,"column":2}},"31":{"start":{"line":68,"column":15},"end":{"line":68,"column":49}},"32":{"start":{"line":70,"column":2},"end":{"line":73,"column":1}},"33":{"start":{"line":71,"column":4},"end":{"line":71,"column":19}},"34":{"start":{"line":72,"column":4},"end":{"line":72,"column":37}},"35":{"start":{"line":74,"column":1},"end":{"line":76,"column":3}},"36":{"start":{"line":75,"column":4},"end":{"line":75,"column":97}},"37":{"start":{"line":77,"column":0},"end":{"line":80,"column":4}},"38":{"start":{"line":78,"column":2},"end":{"line":78,"column":56}},"39":{"start":{"line":78,"column":13},"end":{"line":78,"column":56}},"40":{"start":{"line":79,"column":2},"end":{"line":79,"column":82}},"41":{"start":{"line":79,"column":20},"end":{"line":79,"column":82}},"42":{"start":{"line":81,"column":19},"end":{"line":81,"column":41}},"43":{"start":{"line":82,"column":0},"end":{"line":85,"column":1}},"44":{"start":{"line":83,"column":3},"end":{"line":83,"column":18}},"45":{"start":{"line":84,"column":3},"end":{"line":84,"column":44}},"46":{"start":{"line":86,"column":22},"end":{"line":88,"column":4}},"47":{"start":{"line":89,"column":2},"end":{"line":89,"column":77}},"48":{"start":{"line":92,"column":19},"end":{"line":105,"column":2}},"49":{"start":{"line":93,"column":2},"end":{"line":95,"column":3}},"50":{"start":{"line":94,"column":4},"end":{"line":94,"column":97}},"51":{"start":{"line":96,"column":15},"end":{"line":96,"column":49}},"52":{"start":{"line":98,"column":2},"end":{"line":100,"column":3}},"53":{"start":{"line":99,"column":4},"end":{"line":99,"column":52}},"54":{"start":{"line":101,"column":2},"end":{"line":101,"column":21}},"55":{"start":{"line":102,"column":2},"end":{"line":104,"column":5}},"56":{"start":{"line":108,"column":20},"end":{"line":124,"column":4}},"57":{"start":{"line":109,"column":2},"end":{"line":111,"column":3}},"58":{"start":{"line":110,"column":4},"end":{"line":110,"column":79}},"59":{"start":{"line":112,"column":17},"end":{"line":112,"column":34}},"60":{"start":{"line":113,"column":4},"end":{"line":116,"column":5}},"61":{"start":{"line":114,"column":6},"end":{"line":114,"column":21}},"62":{"start":{"line":115,"column":6},"end":{"line":115,"column":40}},"63":{"start":{"line":117,"column":6},"end":{"line":119,"column":9}},"64":{"start":{"line":118,"column":9},"end":{"line":118,"column":25}},"65":{"start":{"line":121,"column":4},"end":{"line":123,"column":7}}},"fnMap":{"0":{"name":"(anonymous_0)","decl":{"start":{"line":10,"column":29},"end":{"line":10,"column":30}},"loc":{"start":{"line":10,"column":49},"end":{"line":17,"column":1}},"line":10},"1":{"name":"(anonymous_1)","decl":{"start":{"line":20,"column":30},"end":{"line":20,"column":31}},"loc":{"start":{"line":20,"column":50},"end":{"line":27,"column":1}},"line":20},"2":{"name":"(anonymous_2)","decl":{"start":{"line":30,"column":29},"end":{"line":30,"column":30}},"loc":{"start":{"line":30,"column":49},"end":{"line":63,"column":1}},"line":30},"3":{"name":"(anonymous_3)","decl":{"start":{"line":37,"column":45},"end":{"line":37,"column":46}},"loc":{"start":{"line":37,"column":70},"end":{"line":40,"column":6}},"line":37},"4":{"name":"(anonymous_4)","decl":{"start":{"line":41,"column":51},"end":{"line":41,"column":52}},"loc":{"start":{"line":41,"column":76},"end":{"line":44,"column":6}},"line":41},"5":{"name":"(anonymous_5)","decl":{"start":{"line":53,"column":10},"end":{"line":53,"column":11}},"loc":{"start":{"line":53,"column":19},"end":{"line":62,"column":1}},"line":53},"6":{"name":"(anonymous_6)","decl":{"start":{"line":66,"column":32},"end":{"line":66,"column":33}},"loc":{"start":{"line":66,"column":52},"end":{"line":90,"column":1}},"line":66},"7":{"name":"(anonymous_7)","decl":{"start":{"line":77,"column":73},"end":{"line":77,"column":74}},"loc":{"start":{"line":77,"column":98},"end":{"line":80,"column":2}},"line":77},"8":{"name":"(anonymous_8)","decl":{"start":{"line":92,"column":32},"end":{"line":92,"column":33}},"loc":{"start":{"line":92,"column":52},"end":{"line":105,"column":1}},"line":92},"9":{"name":"(anonymous_9)","decl":{"start":{"line":108,"column":33},"end":{"line":108,"column":34}},"loc":{"start":{"line":108,"column":53},"end":{"line":124,"column":3}},"line":108},"10":{"name":"(anonymous_10)","decl":{"start":{"line":117,"column":19},"end":{"line":117,"column":20}},"loc":{"start":{"line":117,"column":30},"end":{"line":119,"column":7}},"line":117}},"branchMap":{"0":{"loc":{"start":{"line":22,"column":2},"end":{"line":24,"column":3}},"type":"if","locations":[{"start":{"line":22,"column":2},"end":{"line":24,"column":3}},{"start":{},"end":{}}],"line":22},"1":{"loc":{"start":{"line":33,"column":5},"end":{"line":36,"column":6}},"type":"if","locations":[{"start":{"line":33,"column":5},"end":{"line":36,"column":6}},{"start":{},"end":{}}],"line":33},"2":{"loc":{"start":{"line":38,"column":6},"end":{"line":38,"column":60}},"type":"if","locations":[{"start":{"line":38,"column":6},"end":{"line":38,"column":60}},{"start":{},"end":{}}],"line":38},"3":{"loc":{"start":{"line":39,"column":6},"end":{"line":39,"column":86}},"type":"if","locations":[{"start":{"line":39,"column":6},"end":{"line":39,"column":86}},{"start":{},"end":{}}],"line":39},"4":{"loc":{"start":{"line":42,"column":6},"end":{"line":42,"column":60}},"type":"if","locations":[{"start":{"line":42,"column":6},"end":{"line":42,"column":60}},{"start":{},"end":{}}],"line":42},"5":{"loc":{"start":{"line":43,"column":6},"end":{"line":43,"column":89}},"type":"if","locations":[{"start":{"line":43,"column":6},"end":{"line":43,"column":89}},{"start":{},"end":{}}],"line":43},"6":{"loc":{"start":{"line":54,"column":2},"end":{"line":61,"column":3}},"type":"if","locations":[{"start":{"line":54,"column":2},"end":{"line":61,"column":3}},{"start":{"line":58,"column":9},"end":{"line":61,"column":3}}],"line":54},"7":{"loc":{"start":{"line":70,"column":2},"end":{"line":73,"column":1}},"type":"if","locations":[{"start":{"line":70,"column":2},"end":{"line":73,"column":1}},{"start":{},"end":{}}],"line":70},"8":{"loc":{"start":{"line":74,"column":1},"end":{"line":76,"column":3}},"type":"if","locations":[{"start":{"line":74,"column":1},"end":{"line":76,"column":3}},{"start":{},"end":{}}],"line":74},"9":{"loc":{"start":{"line":74,"column":4},"end":{"line":74,"column":60}},"type":"binary-expr","locations":[{"start":{"line":74,"column":4},"end":{"line":74,"column":28}},{"start":{"line":74,"column":32},"end":{"line":74,"column":60}}],"line":74},"10":{"loc":{"start":{"line":77,"column":13},"end":{"line":77,"column":71}},"type":"binary-expr","locations":[{"start":{"line":77,"column":13},"end":{"line":77,"column":38}},{"start":{"line":77,"column":42},"end":{"line":77,"column":71}}],"line":77},"11":{"loc":{"start":{"line":78,"column":2},"end":{"line":78,"column":56}},"type":"if","locations":[{"start":{"line":78,"column":2},"end":{"line":78,"column":56}},{"start":{},"end":{}}],"line":78},"12":{"loc":{"start":{"line":79,"column":2},"end":{"line":79,"column":82}},"type":"if","locations":[{"start":{"line":79,"column":2},"end":{"line":79,"column":82}},{"start":{},"end":{}}],"line":79},"13":{"loc":{"start":{"line":82,"column":0},"end":{"line":85,"column":1}},"type":"if","locations":[{"start":{"line":82,"column":0},"end":{"line":85,"column":1}},{"start":{},"end":{}}],"line":82},"14":{"loc":{"start":{"line":93,"column":2},"end":{"line":95,"column":3}},"type":"if","locations":[{"start":{"line":93,"column":2},"end":{"line":95,"column":3}},{"start":{},"end":{}}],"line":93},"15":{"loc":{"start":{"line":93,"column":5},"end":{"line":93,"column":61}},"type":"binary-expr","locations":[{"start":{"line":93,"column":5},"end":{"line":93,"column":29}},{"start":{"line":93,"column":33},"end":{"line":93,"column":61}}],"line":93},"16":{"loc":{"start":{"line":98,"column":2},"end":{"line":100,"column":3}},"type":"if","locations":[{"start":{"line":98,"column":2},"end":{"line":100,"column":3}},{"start":{},"end":{}}],"line":98},"17":{"loc":{"start":{"line":109,"column":2},"end":{"line":111,"column":3}},"type":"if","locations":[{"start":{"line":109,"column":2},"end":{"line":111,"column":3}},{"start":{},"end":{}}],"line":109},"18":{"loc":{"start":{"line":113,"column":4},"end":{"line":116,"column":5}},"type":"if","locations":[{"start":{"line":113,"column":4},"end":{"line":116,"column":5}},{"start":{},"end":{}}],"line":113}},"s":{"0":1,"1":0,"2":0,"3":0,"4":0,"5":1,"6":0,"7":0,"8":0,"9":0,"10":1,"11":0,"12":0,"13":0,"14":0,"15":0,"16":0,"17":0,"18":0,"19":0,"20":0,"21":0,"22":0,"23":0,"24":0,"25":0,"26":0,"27":0,"28":0,"29":0,"30":1,"31":0,"32":0,"33":0,"34":0,"35":0,"36":0,"37":0,"38":0,"39":0,"40":0,"41":0,"42":0,"43":0,"44":0,"45":0,"46":0,"47":0,"48":1,"49":0,"50":0,"51":0,"52":0,"53":0,"54":0,"55":0,"56":1,"57":0,"58":0,"59":0,"60":0,"61":0,"62":0,"63":0,"64":0,"65":0},"f":{"0":0,"1":0,"2":0,"3":0,"4":0,"5":0,"6":0,"7":0,"8":0,"9":0,"10":0},"b":{"0":[0,0],"1":[0,0],"2":[0,0],"3":[0,0],"4":[0,0],"5":[0,0],"6":[0,0],"7":[0,0],"8":[0,0],"9":[0,0],"10":[0,0],"11":[0,0],"12":[0,0],"13":[0,0],"14":[0,0],"15":[0,0],"16":[0,0],"17":[0,0],"18":[0,0]},"_coverageSchema":"1a1c01bbd47fc00a2c39e90264f33305004495a9","hash":"7d99efd17b78a1322886b9b5e2aeea21a47ad9a6"}
,"C:\\Users\\ORION\\Desktop\\mybrand\\backend\\helpers\\imageUpload.js": {"path":"C:\\Users\\ORION\\Desktop\\mybrand\\backend\\helpers\\imageUpload.js","statementMap":{"0":{"start":{"line":3,"column":0},"end":{"line":3,"column":15}},"1":{"start":{"line":5,"column":0},"end":{"line":9,"column":3}}},"fnMap":{},"branchMap":{},"s":{"0":1,"1":1},"f":{},"b":{},"_coverageSchema":"1a1c01bbd47fc00a2c39e90264f33305004495a9","hash":"2380395de542bf9fedc44c6c29c58f5babe5a2e4"}
,"C:\\Users\\ORION\\Desktop\\mybrand\\backend\\middleware\\authenticate.js": {"path":"C:\\Users\\ORION\\Desktop\\mybrand\\backend\\middleware\\authenticate.js","statementMap":{"0":{"start":{"line":6,"column":28},"end":{"line":23,"column":1}},"1":{"start":{"line":7,"column":19},"end":{"line":7,"column":46}},"2":{"start":{"line":9,"column":2},"end":{"line":11,"column":3}},"3":{"start":{"line":10,"column":4},"end":{"line":10,"column":79}},"4":{"start":{"line":13,"column":2},"end":{"line":22,"column":3}},"5":{"start":{"line":14,"column":18},"end":{"line":14,"column":40}},"6":{"start":{"line":15,"column":20},"end":{"line":15,"column":50}},"7":{"start":{"line":16,"column":4},"end":{"line":16,"column":27}},"8":{"start":{"line":17,"column":4},"end":{"line":17,"column":32}},"9":{"start":{"line":19,"column":4},"end":{"line":19,"column":11}},"10":{"start":{"line":21,"column":4},"end":{"line":21,"column":53}},"11":{"start":{"line":25,"column":32},"end":{"line":40,"column":2}},"12":{"start":{"line":26,"column":2},"end":{"line":39,"column":5}},"13":{"start":{"line":27,"column":4},"end":{"line":27,"column":46}},"14":{"start":{"line":27,"column":13},"end":{"line":27,"column":46}},"15":{"start":{"line":28,"column":4},"end":{"line":28,"column":74}},"16":{"start":{"line":28,"column":15},"end":{"line":28,"column":74}},"17":{"start":{"line":30,"column":28},"end":{"line":30,"column":82}},"18":{"start":{"line":32,"column":4},"end":{"line":37,"column":5}},"19":{"start":{"line":33,"column":6},"end":{"line":33,"column":61}},"20":{"start":{"line":35,"column":18},"end":{"line":35,"column":42}},"21":{"start":{"line":36,"column":4},"end":{"line":36,"column":78}}},"fnMap":{"0":{"name":"(anonymous_0)","decl":{"start":{"line":6,"column":28},"end":{"line":6,"column":29}},"loc":{"start":{"line":6,"column":48},"end":{"line":23,"column":1}},"line":6},"1":{"name":"(anonymous_1)","decl":{"start":{"line":25,"column":45},"end":{"line":25,"column":46}},"loc":{"start":{"line":25,"column":65},"end":{"line":40,"column":1}},"line":25},"2":{"name":"(anonymous_2)","decl":{"start":{"line":26,"column":41},"end":{"line":26,"column":42}},"loc":{"start":{"line":26,"column":62},"end":{"line":39,"column":3}},"line":26}},"branchMap":{"0":{"loc":{"start":{"line":9,"column":2},"end":{"line":11,"column":3}},"type":"if","locations":[{"start":{"line":9,"column":2},"end":{"line":11,"column":3}},{"start":{},"end":{}}],"line":9},"1":{"loc":{"start":{"line":27,"column":4},"end":{"line":27,"column":46}},"type":"if","locations":[{"start":{"line":27,"column":4},"end":{"line":27,"column":46}},{"start":{},"end":{}}],"line":27},"2":{"loc":{"start":{"line":28,"column":4},"end":{"line":28,"column":74}},"type":"if","locations":[{"start":{"line":28,"column":4},"end":{"line":28,"column":74}},{"start":{},"end":{}}],"line":28},"3":{"loc":{"start":{"line":32,"column":4},"end":{"line":37,"column":5}},"type":"if","locations":[{"start":{"line":32,"column":4},"end":{"line":37,"column":5}},{"start":{"line":34,"column":9},"end":{"line":37,"column":5}}],"line":32}},"s":{"0":1,"1":1,"2":1,"3":1,"4":0,"5":0,"6":0,"7":0,"8":0,"9":0,"10":0,"11":1,"12":0,"13":0,"14":0,"15":0,"16":0,"17":0,"18":0,"19":0,"20":0,"21":0},"f":{"0":1,"1":0,"2":0},"b":{"0":[1,0],"1":[0,0],"2":[0,0],"3":[0,0]},"_coverageSchema":"1a1c01bbd47fc00a2c39e90264f33305004495a9","hash":"2dec197106bfeab20861d42a305643b8e8be7f7c"}
,"C:\\Users\\ORION\\Desktop\\mybrand\\backend\\middleware\\errorMiddleware.js": {"path":"C:\\Users\\ORION\\Desktop\\mybrand\\backend\\middleware\\errorMiddleware.js","statementMap":{"0":{"start":{"line":1,"column":21},"end":{"line":9,"column":1}},"1":{"start":{"line":2,"column":23},"end":{"line":2,"column":60}},"2":{"start":{"line":3,"column":4},"end":{"line":3,"column":26}},"3":{"start":{"line":5,"column":0},"end":{"line":8,"column":2}}},"fnMap":{"0":{"name":"(anonymous_0)","decl":{"start":{"line":1,"column":21},"end":{"line":1,"column":22}},"loc":{"start":{"line":1,"column":46},"end":{"line":9,"column":1}},"line":1}},"branchMap":{"0":{"loc":{"start":{"line":2,"column":23},"end":{"line":2,"column":60}},"type":"cond-expr","locations":[{"start":{"line":2,"column":40},"end":{"line":2,"column":54}},{"start":{"line":2,"column":57},"end":{"line":2,"column":60}}],"line":2},"1":{"loc":{"start":{"line":7,"column":12},"end":{"line":7,"column":68}},"type":"cond-expr","locations":[{"start":{"line":7,"column":52},"end":{"line":7,"column":56}},{"start":{"line":7,"column":59},"end":{"line":7,"column":68}}],"line":7}},"s":{"0":1,"1":0,"2":0,"3":0},"f":{"0":0},"b":{"0":[0,0],"1":[0,0]},"_coverageSchema":"1a1c01bbd47fc00a2c39e90264f33305004495a9","hash":"22e279c4baaf05cc37adc033e5a42be84cb06bce"}
,"C:\\Users\\ORION\\Desktop\\mybrand\\backend\\models\\blogModel.js": {"path":"C:\\Users\\ORION\\Desktop\\mybrand\\backend\\models\\blogModel.js","statementMap":{"0":{"start":{"line":3,"column":19},"end":{"line":23,"column":2}},"1":{"start":{"line":24,"column":21},"end":{"line":33,"column":1}},"2":{"start":{"line":25,"column":17},"end":{"line":30,"column":4}},"3":{"start":{"line":32,"column":2},"end":{"line":32,"column":31}},"4":{"start":{"line":35,"column":13},"end":{"line":35,"column":47}}},"fnMap":{"0":{"name":"(anonymous_0)","decl":{"start":{"line":24,"column":21},"end":{"line":24,"column":22}},"loc":{"start":{"line":24,"column":31},"end":{"line":33,"column":1}},"line":24}},"branchMap":{},"s":{"0":1,"1":1,"2":0,"3":0,"4":1},"f":{"0":0},"b":{},"_coverageSchema":"1a1c01bbd47fc00a2c39e90264f33305004495a9","hash":"a97b663a176dcbefcc59dfade5e2064c5081d995"}
,"C:\\Users\\ORION\\Desktop\\mybrand\\backend\\models\\commentsModel.js": {"path":"C:\\Users\\ORION\\Desktop\\mybrand\\backend\\models\\commentsModel.js","statementMap":{"0":{"start":{"line":3,"column":22},"end":{"line":22,"column":2}},"1":{"start":{"line":24,"column":16},"end":{"line":24,"column":56}}},"fnMap":{},"branchMap":{},"s":{"0":1,"1":1},"f":{},"b":{},"_coverageSchema":"1a1c01bbd47fc00a2c39e90264f33305004495a9","hash":"b65e4a1293587d114f263965ff7aca56256f13b4"}
,"C:\\Users\\ORION\\Desktop\\mybrand\\backend\\models\\likesModel.js": {"path":"C:\\Users\\ORION\\Desktop\\mybrand\\backend\\models\\likesModel.js","statementMap":{"0":{"start":{"line":3,"column":19},"end":{"line":18,"column":2}},"1":{"start":{"line":20,"column":13},"end":{"line":20,"column":47}}},"fnMap":{},"branchMap":{},"s":{"0":1,"1":1},"f":{},"b":{},"_coverageSchema":"1a1c01bbd47fc00a2c39e90264f33305004495a9","hash":"69e9d7f4ab695c0bca7f74f548133d41c33d9981"}
,"C:\\Users\\ORION\\Desktop\\mybrand\\backend\\models\\messageModel.js": {"path":"C:\\Users\\ORION\\Desktop\\mybrand\\backend\\models\\messageModel.js","statementMap":{"0":{"start":{"line":4,"column":22},"end":{"line":25,"column":2}},"1":{"start":{"line":27,"column":24},"end":{"line":35,"column":1}},"2":{"start":{"line":28,"column":17},"end":{"line":32,"column":4}},"3":{"start":{"line":34,"column":2},"end":{"line":34,"column":34}},"4":{"start":{"line":37,"column":16},"end":{"line":37,"column":56}}},"fnMap":{"0":{"name":"(anonymous_0)","decl":{"start":{"line":27,"column":24},"end":{"line":27,"column":25}},"loc":{"start":{"line":27,"column":37},"end":{"line":35,"column":1}},"line":27}},"branchMap":{},"s":{"0":1,"1":1,"2":0,"3":0,"4":1},"f":{"0":0},"b":{},"_coverageSchema":"1a1c01bbd47fc00a2c39e90264f33305004495a9","hash":"9dba0593319426ec6bb777ba6c0ad3620604a899"}
,"C:\\Users\\ORION\\Desktop\\mybrand\\backend\\models\\userModel.js": {"path":"C:\\Users\\ORION\\Desktop\\mybrand\\backend\\models\\userModel.js","statementMap":{"0":{"start":{"line":6,"column":19},"end":{"line":38,"column":2}},"1":{"start":{"line":40,"column":0},"end":{"line":48,"column":3}},"2":{"start":{"line":41,"column":15},"end":{"line":41,"column":19}},"3":{"start":{"line":42,"column":2},"end":{"line":47,"column":5}},"4":{"start":{"line":43,"column":4},"end":{"line":46,"column":7}},"5":{"start":{"line":44,"column":6},"end":{"line":44,"column":37}},"6":{"start":{"line":45,"column":6},"end":{"line":45,"column":13}},"7":{"start":{"line":50,"column":0},"end":{"line":52,"column":2}},"8":{"start":{"line":51,"column":2},"end":{"line":51,"column":67}},"9":{"start":{"line":54,"column":21},"end":{"line":66,"column":1}},"10":{"start":{"line":55,"column":17},"end":{"line":63,"column":4}},"11":{"start":{"line":65,"column":2},"end":{"line":65,"column":31}},"12":{"start":{"line":68,"column":13},"end":{"line":68,"column":47}}},"fnMap":{"0":{"name":"(anonymous_0)","decl":{"start":{"line":40,"column":23},"end":{"line":40,"column":24}},"loc":{"start":{"line":40,"column":38},"end":{"line":48,"column":1}},"line":40},"1":{"name":"(anonymous_1)","decl":{"start":{"line":42,"column":21},"end":{"line":42,"column":22}},"loc":{"start":{"line":42,"column":36},"end":{"line":47,"column":3}},"line":42},"2":{"name":"(anonymous_2)","decl":{"start":{"line":43,"column":37},"end":{"line":43,"column":38}},"loc":{"start":{"line":43,"column":62},"end":{"line":46,"column":5}},"line":43},"3":{"name":"(anonymous_3)","decl":{"start":{"line":50,"column":39},"end":{"line":50,"column":40}},"loc":{"start":{"line":50,"column":50},"end":{"line":52,"column":1}},"line":50},"4":{"name":"(anonymous_4)","decl":{"start":{"line":54,"column":21},"end":{"line":54,"column":22}},"loc":{"start":{"line":54,"column":31},"end":{"line":66,"column":1}},"line":54}},"branchMap":{},"s":{"0":1,"1":1,"2":0,"3":0,"4":0,"5":0,"6":0,"7":1,"8":0,"9":1,"10":0,"11":0,"12":1},"f":{"0":0,"1":0,"2":0,"3":0,"4":0},"b":{},"_coverageSchema":"1a1c01bbd47fc00a2c39e90264f33305004495a9","hash":"8f9f801fcf0414dfed65051b6c05c92366646004"}
,"C:\\Users\\ORION\\Desktop\\mybrand\\backend\\test\\test_helpers.js": {"path":"C:\\Users\\ORION\\Desktop\\mybrand\\backend\\test\\test_helpers.js","statementMap":{"0":{"start":{"line":1,"column":21},"end":{"line":30,"column":1}}},"fnMap":{},"branchMap":{},"s":{"0":1},"f":{},"b":{},"_coverageSchema":"1a1c01bbd47fc00a2c39e90264f33305004495a9","hash":"12482f380adca45acdeee5af209be48ec5273cc0"}
}
